-------------------------------------------------------------------------------
Test set: JsonPatternsRecieverTest
-------------------------------------------------------------------------------
Tests run: 1, Failures: 0, Errors: 1, Skipped: 0, Time elapsed: 2.485 s <<< FAILURE! - in JsonPatternsRecieverTest
recivePatternsMap(JsonPatternsRecieverTest)  Time elapsed: 0 s  <<< ERROR!
java.lang.IllegalStateException: Failed to load ApplicationContext
Caused by: org.springframework.beans.factory.BeanCreationException: Error creating bean with name 'main': Injection of autowired dependencies failed; nested exception is java.lang.IllegalArgumentException: Could not resolve placeholder 'excelName' in value "${excelName}"
Caused by: java.lang.IllegalArgumentException: Could not resolve placeholder 'excelName' in value "${excelName}"

