-------------------------------------------------------------------------------
Test set: SymbolsReplacerTest
-------------------------------------------------------------------------------
Tests run: 4, Failures: 0, Errors: 4, Skipped: 0, Time elapsed: 1.657 s <<< FAILURE! - in SymbolsReplacerTest
recieveTransformedWordTest1(SymbolsReplacerTest)  Time elapsed: 0 s  <<< ERROR!
java.lang.IllegalStateException: Failed to load ApplicationContext
Caused by: org.springframework.beans.factory.BeanCreationException: Error creating bean with name 'main': Injection of autowired dependencies failed; nested exception is java.lang.IllegalArgumentException: Could not resolve placeholder 'excelName' in value "${excelName}"
Caused by: java.lang.IllegalArgumentException: Could not resolve placeholder 'excelName' in value "${excelName}"

recieveTransformedWordTest2(SymbolsReplacerTest)  Time elapsed: 0 s  <<< ERROR!
java.lang.IllegalStateException: Failed to load ApplicationContext
Caused by: org.springframework.beans.factory.BeanCreationException: Error creating bean with name 'main': Injection of autowired dependencies failed; nested exception is java.lang.IllegalArgumentException: Could not resolve placeholder 'excelName' in value "${excelName}"
Caused by: java.lang.IllegalArgumentException: Could not resolve placeholder 'excelName' in value "${excelName}"

recieveTransformedWordTest3(SymbolsReplacerTest)  Time elapsed: 0 s  <<< ERROR!
java.lang.IllegalStateException: Failed to load ApplicationContext
Caused by: org.springframework.beans.factory.BeanCreationException: Error creating bean with name 'main': Injection of autowired dependencies failed; nested exception is java.lang.IllegalArgumentException: Could not resolve placeholder 'excelName' in value "${excelName}"
Caused by: java.lang.IllegalArgumentException: Could not resolve placeholder 'excelName' in value "${excelName}"

recieveTransformedWordTest4(SymbolsReplacerTest)  Time elapsed: 0 s  <<< ERROR!
java.lang.IllegalStateException: Failed to load ApplicationContext
Caused by: org.springframework.beans.factory.BeanCreationException: Error creating bean with name 'main': Injection of autowired dependencies failed; nested exception is java.lang.IllegalArgumentException: Could not resolve placeholder 'excelName' in value "${excelName}"
Caused by: java.lang.IllegalArgumentException: Could not resolve placeholder 'excelName' in value "${excelName}"

